<?xml version="1.0" encoding="UTF-8"?>
<!-- Generated by org.testng.reporters.JUnitReportReporter -->
<testsuite hostname="DESKTOP-IJ5P42Q" failures="0" tests="1" name="com.josebran.LogsJB.LogsJBTest" time="7.254" errors="0" timestamp="2023-08-13T22:21:57 CST" skipped="0">
  <testcase classname="com.josebran.LogsJB.LogsJBTest" name="writeLog" time="7.254"/>
</testsuite> <!-- com.josebran.LogsJB.LogsJBTest -->
