<?xml version="1.0" encoding="UTF-8"?>
<!-- Generated by org.testng.reporters.JUnitReportReporter -->
<testsuite hostname="DESKTOP-IJ5P42Q" failures="0" tests="1" name="com.josebran.LogsJB.LogsJBTest" time="30.308" errors="0" timestamp="2023-07-31T20:52:55 CST" skipped="0">
  <testcase classname="com.josebran.LogsJB.LogsJBTest" name="writeLog" time="30.308"/>
</testsuite> <!-- com.josebran.LogsJB.LogsJBTest -->
