<?xml version="1.0" encoding="UTF-8"?>
<!-- Generated by org.testng.reporters.JUnitReportReporter -->
<testsuite hostname="DESKTOP-IJ5P42Q" failures="0" tests="3" name="io.github.josecarlosbran.LogsJB.LogsJBTest" time="5.640" errors="0" timestamp="2023-08-28T23:07:32 CST" skipped="0">
  <testcase classname="io.github.josecarlosbran.LogsJB.LogsJBTest" name="writeLogTxt" time="0.085"/>
  <system-out/>
  <testcase classname="io.github.josecarlosbran.LogsJB.LogsJBTest" name="writeLogDB" time="0.937"/>
  <system-out/>
  <testcase classname="io.github.josecarlosbran.LogsJB.LogsJBTest" name="writeLogRestAPI" time="4.618"/>
  <system-out/>
</testsuite> <!-- io.github.josecarlosbran.LogsJB.LogsJBTest -->
